<?xml version="1.0" encoding="UTF-8"?>
<!-- Generated by org.testng.reporters.JUnitReportReporter -->
<testsuite hostname="HYDMBCP1069" failures="0" tests="4" name="api.test.UserTests2" time="9.815" errors="0" timestamp="2024-02-20T19:08:26 IST" skipped="0">
  <testcase classname="api.test.UserTests2" name="testPostUser" time="3.585"/>
  <system-out/>
  <testcase classname="api.test.UserTests2" name="testGetUserByName" time="1.931"/>
  <system-out/>
  <testcase classname="api.test.UserTests2" name="testUpdateUserByName" time="3.117"/>
  <system-out/>
  <testcase classname="api.test.UserTests2" name="testDeleteUserByName" time="1.182"/>
  <system-out/>
</testsuite> <!-- api.test.UserTests2 -->
