<?xml version="1.0" encoding="UTF-8"?>
<!-- Generated by org.testng.reporters.JUnitReportReporter -->
<testsuite hostname="HYDMBCP1069" failures="0" tests="4" name="api.test.UserTests2" time="11.584" errors="0" timestamp="2024-02-21T17:40:07 IST" skipped="0">
  <testcase classname="api.test.UserTests2" name="testPostUser" time="5.539"/>
  <system-out/>
  <testcase classname="api.test.UserTests2" name="testGetUserByName" time="1.170"/>
  <system-out/>
  <testcase classname="api.test.UserTests2" name="testUpdateUserByName" time="2.993"/>
  <system-out/>
  <testcase classname="api.test.UserTests2" name="testDeleteUserByName" time="1.882"/>
  <system-out/>
</testsuite> <!-- api.test.UserTests2 -->
